<?xml version="1.0" encoding="UTF-8"?>
<!-- Generated by org.testng.reporters.JUnitReportReporter -->
<testsuite hostname="DESKTOP-VFJE53O" failures="0" tests="1" name="RevisionPackage.RevisionCart" time="18.227" errors="0" timestamp="2020-05-29T21:57:46 IST" skipped="0">
  <testcase classname="RevisionPackage.RevisionCart" name="addItems" time="18.227"/>
  <system-out/>
</testsuite> <!-- RevisionPackage.RevisionCart -->
