<?xml version="1.0" encoding="UTF-8"?>
<!-- Generated by org.testng.reporters.JUnitReportReporter -->
<testsuite hostname="DESKTOP-VFJE53O" failures="0" tests="1" name="RevisionPackage.ImportExport" time="11.022" errors="0" timestamp="2020-05-31T18:01:30 IST" skipped="0">
  <testcase classname="RevisionPackage.ImportExport" name="getData" time="11.022"/>
  <system-out/>
</testsuite> <!-- RevisionPackage.ImportExport -->
