<?xml version="1.0" encoding="UTF-8"?>
<!-- Generated by org.testng.reporters.JUnitReportReporter -->
<testsuite hostname="DESKTOP-VFJE53O" failures="0" tests="2" name="dummy" time="0.028" errors="0" timestamp="2020-05-25T18:14:51 IST" skipped="0">
  <testcase classname="dummy" name="dumy3" time="0.019"/>
  <system-out/>
  <testcase classname="dummy" name="dumy2" time="0.009"/>
  <system-out/>
</testsuite> <!-- dummy -->
