<?xml version="1.0" encoding="UTF-8"?>
<!-- Generated by org.testng.reporters.JUnitReportReporter -->
<testsuite hostname="DESKTOP-VFJE53O" failures="0" tests="1" name="RevisionPackage.RevisionSwitchtabs" time="53.254" errors="0" timestamp="2020-05-29T21:49:08 IST" skipped="0">
  <testcase classname="RevisionPackage.RevisionSwitchtabs" name="pageLinksCOunt" time="53.254"/>
  <system-out/>
</testsuite> <!-- RevisionPackage.RevisionSwitchtabs -->
