<?xml version="1.0" encoding="UTF-8"?>
<!-- Generated by org.testng.reporters.JUnitReportReporter -->
<testsuite hostname="DESKTOP-VFJE53O" failures="0" tests="1" name="ADdition" time="2.363" errors="0" timestamp="2020-05-31T19:13:06 IST" skipped="0">
  <testcase classname="ADdition" name="discountPriceTotal" time="2.363"/>
  <system-out/>
</testsuite> <!-- ADdition -->
